{"level":"info","message":"Starting Instagram Telegram Bot...","service":"instagram-telegram-bot","timestamp":"2025-09-27T08:09:24.583Z"}
{"level":"info","message":"Telegram bot initialized","service":"instagram-telegram-bot","timestamp":"2025-09-27T08:09:24.609Z"}
{"level":"error","message":"Instagram authentication failed:","service":"instagram-telegram-bot","timestamp":"2025-09-27T08:09:29.739Z"}
{"level":"info","message":"Starting Instagram Telegram Bot...","service":"instagram-telegram-bot","timestamp":"2025-09-27T15:32:35.361Z"}
{"level":"info","message":"Telegram bot initialized","service":"instagram-telegram-bot","timestamp":"2025-09-27T15:32:35.368Z"}
{"level":"info","message":"Instagram login successful","service":"instagram-telegram-bot","timestamp":"2025-09-27T15:32:40.012Z"}
{"level":"info","message":"Starting Instagram Telegram Bot...","service":"instagram-telegram-bot","timestamp":"2025-09-27T15:43:20.195Z"}
{"level":"info","message":"Telegram bot initialized","service":"instagram-telegram-bot","timestamp":"2025-09-27T15:43:20.202Z"}
{"level":"info","message":"Instagram session restored from file","service":"instagram-telegram-bot","timestamp":"2025-09-27T15:43:20.276Z"}
{"level":"info","message":"Monitoring scheduled every 60 seconds","service":"instagram-telegram-bot","timestamp":"2025-09-27T15:43:20.279Z"}
{"level":"info","message":"Telegram bot started","service":"instagram-telegram-bot","timestamp":"2025-09-27T15:43:20.280Z"}
{"level":"info","message":"Bot initialized successfully","service":"instagram-telegram-bot","timestamp":"2025-09-27T15:43:20.280Z"}
{"level":"info","message":"Received SIGINT, shutting down gracefully...","service":"instagram-telegram-bot","timestamp":"2025-09-27T15:43:52.634Z"}
{"level":"info","message":"Starting Instagram Telegram Bot...","service":"instagram-telegram-bot","timestamp":"2025-09-27T16:46:30.812Z"}
{"level":"info","message":"Telegram bot initialized","service":"instagram-telegram-bot","timestamp":"2025-09-27T16:46:30.864Z"}
{"level":"info","message":"Instagram session restored from file","service":"instagram-telegram-bot","timestamp":"2025-09-27T16:46:31.044Z"}
{"level":"info","message":"Monitoring scheduled every 60 seconds","service":"instagram-telegram-bot","timestamp":"2025-09-27T16:46:31.050Z"}
{"level":"info","message":"Telegram bot started","service":"instagram-telegram-bot","timestamp":"2025-09-27T16:46:31.051Z"}
{"level":"info","message":"Bot initialized successfully","service":"instagram-telegram-bot","timestamp":"2025-09-27T16:46:31.052Z"}
{"level":"info","message":"Starting monitoring cycle","service":"instagram-telegram-bot","timestamp":"2025-09-27T16:47:00.277Z"}
{"level":"info","message":"Monitoring cycle completed","service":"instagram-telegram-bot","timestamp":"2025-09-27T16:47:00.280Z"}
{"level":"info","message":"Received SIGINT, shutting down gracefully...","service":"instagram-telegram-bot","timestamp":"2025-09-27T16:47:36.605Z"}
{"level":"info","message":"Starting Instagram Telegram Bot...","service":"instagram-telegram-bot","timestamp":"2025-09-27T17:04:25.252Z"}
{"level":"info","message":"Telegram bot initialized","service":"instagram-telegram-bot","timestamp":"2025-09-27T17:04:25.259Z"}
{"level":"info","message":"Instagram session restored from file","service":"instagram-telegram-bot","timestamp":"2025-09-27T17:04:25.320Z"}
{"level":"info","message":"Monitoring scheduled every 60 seconds","service":"instagram-telegram-bot","timestamp":"2025-09-27T17:04:25.324Z"}
{"level":"info","message":"Telegram bot started","service":"instagram-telegram-bot","timestamp":"2025-09-27T17:04:25.325Z"}
{"level":"info","message":"Bot initialized successfully","service":"instagram-telegram-bot","timestamp":"2025-09-27T17:04:25.325Z"}
{"level":"info","message":"Starting monitoring cycle","service":"instagram-telegram-bot","timestamp":"2025-09-27T17:05:00.548Z"}
{"level":"info","message":"Monitoring cycle completed","service":"instagram-telegram-bot","timestamp":"2025-09-27T17:05:00.550Z"}
{"level":"info","message":"Starting monitoring cycle","service":"instagram-telegram-bot","timestamp":"2025-09-27T17:06:00.937Z"}
{"level":"info","message":"Monitoring cycle completed","service":"instagram-telegram-bot","timestamp":"2025-09-27T17:06:00.938Z"}
{"level":"info","message":"Starting monitoring cycle","service":"instagram-telegram-bot","timestamp":"2025-09-27T17:07:00.242Z"}
{"level":"info","message":"Monitoring cycle completed","service":"instagram-telegram-bot","timestamp":"2025-09-27T17:07:00.243Z"}
{"level":"info","message":"Account saito10765 added by admin 873573504","service":"instagram-telegram-bot","timestamp":"2025-09-27T17:07:21.116Z"}
{"level":"info","message":"Starting monitoring cycle","service":"instagram-telegram-bot","timestamp":"2025-09-27T17:08:00.558Z"}
{"level":"info","message":"Checking new posts for saito10765","service":"instagram-telegram-bot","timestamp":"2025-09-27T17:08:00.559Z"}
{"level":"info","message":"Checking new stories for saito10765","service":"instagram-telegram-bot","timestamp":"2025-09-27T17:08:00.566Z"}
{"level":"info","message":"New post found for saito10765: 3729555956213525756_77374867228","service":"instagram-telegram-bot","timestamp":"2025-09-27T17:08:01.511Z"}
{"level":"info","message":"Post sent to channel @instogram_posts","service":"instagram-telegram-bot","timestamp":"2025-09-27T17:08:02.184Z"}
{"level":"info","message":"Post 3729555956213525756_77374867228 sent to channel @instogram_posts","service":"instagram-telegram-bot","timestamp":"2025-09-27T17:08:02.185Z"}
{"level":"info","message":"Monitoring cycle completed","service":"instagram-telegram-bot","timestamp":"2025-09-27T17:08:02.186Z"}
{"level":"info","message":"Starting monitoring cycle","service":"instagram-telegram-bot","timestamp":"2025-09-27T17:09:00.964Z"}
{"level":"info","message":"Checking new posts for saito10765","service":"instagram-telegram-bot","timestamp":"2025-09-27T17:09:00.965Z"}
{"level":"info","message":"Checking new stories for saito10765","service":"instagram-telegram-bot","timestamp":"2025-09-27T17:09:00.966Z"}
{"level":"info","message":"Monitoring cycle completed","service":"instagram-telegram-bot","timestamp":"2025-09-27T17:09:01.692Z"}
{"level":"info","message":"Starting monitoring cycle","service":"instagram-telegram-bot","timestamp":"2025-09-27T17:10:00.288Z"}
{"level":"info","message":"Checking new posts for saito10765","service":"instagram-telegram-bot","timestamp":"2025-09-27T17:10:00.289Z"}
{"level":"info","message":"Checking new stories for saito10765","service":"instagram-telegram-bot","timestamp":"2025-09-27T17:10:00.292Z"}
{"level":"info","message":"Monitoring cycle completed","service":"instagram-telegram-bot","timestamp":"2025-09-27T17:10:01.082Z"}
{"level":"info","message":"Starting monitoring cycle","service":"instagram-telegram-bot","timestamp":"2025-09-27T17:11:00.629Z"}
{"level":"info","message":"Checking new posts for saito10765","service":"instagram-telegram-bot","timestamp":"2025-09-27T17:11:00.633Z"}
{"level":"info","message":"Checking new stories for saito10765","service":"instagram-telegram-bot","timestamp":"2025-09-27T17:11:00.639Z"}
{"level":"info","message":"Monitoring cycle completed","service":"instagram-telegram-bot","timestamp":"2025-09-27T17:11:01.579Z"}
{"level":"info","message":"Starting monitoring cycle","service":"instagram-telegram-bot","timestamp":"2025-09-27T17:12:00.985Z"}
{"level":"info","message":"Checking new posts for saito10765","service":"instagram-telegram-bot","timestamp":"2025-09-27T17:12:00.986Z"}
{"level":"info","message":"Checking new stories for saito10765","service":"instagram-telegram-bot","timestamp":"2025-09-27T17:12:00.988Z"}
{"level":"info","message":"Monitoring cycle completed","service":"instagram-telegram-bot","timestamp":"2025-09-27T17:12:01.783Z"}
{"level":"info","message":"Starting monitoring cycle","service":"instagram-telegram-bot","timestamp":"2025-09-27T17:13:00.328Z"}
{"level":"info","message":"Checking new posts for saito10765","service":"instagram-telegram-bot","timestamp":"2025-09-27T17:13:00.329Z"}
{"level":"info","message":"Checking new stories for saito10765","service":"instagram-telegram-bot","timestamp":"2025-09-27T17:13:00.330Z"}
{"level":"info","message":"Monitoring cycle completed","service":"instagram-telegram-bot","timestamp":"2025-09-27T17:13:01.116Z"}
{"level":"info","message":"Starting monitoring cycle","service":"instagram-telegram-bot","timestamp":"2025-09-27T17:14:00.704Z"}
{"level":"info","message":"Checking new posts for saito10765","service":"instagram-telegram-bot","timestamp":"2025-09-27T17:14:00.705Z"}
{"level":"info","message":"Checking new stories for saito10765","service":"instagram-telegram-bot","timestamp":"2025-09-27T17:14:00.706Z"}
{"level":"info","message":"Monitoring cycle completed","service":"instagram-telegram-bot","timestamp":"2025-09-27T17:14:01.536Z"}
{"level":"info","message":"Starting monitoring cycle","service":"instagram-telegram-bot","timestamp":"2025-09-27T17:15:00.103Z"}
{"level":"info","message":"Checking new posts for saito10765","service":"instagram-telegram-bot","timestamp":"2025-09-27T17:15:00.104Z"}
{"level":"info","message":"Checking new stories for saito10765","service":"instagram-telegram-bot","timestamp":"2025-09-27T17:15:00.105Z"}
{"level":"info","message":"Monitoring cycle completed","service":"instagram-telegram-bot","timestamp":"2025-09-27T17:15:00.925Z"}
{"level":"info","message":"Starting monitoring cycle","service":"instagram-telegram-bot","timestamp":"2025-09-27T17:16:00.443Z"}
{"level":"info","message":"Checking new posts for saito10765","service":"instagram-telegram-bot","timestamp":"2025-09-27T17:16:00.444Z"}
{"level":"info","message":"Checking new stories for saito10765","service":"instagram-telegram-bot","timestamp":"2025-09-27T17:16:00.446Z"}
{"level":"info","message":"Monitoring cycle completed","service":"instagram-telegram-bot","timestamp":"2025-09-27T17:16:01.253Z"}
{"level":"info","message":"Starting monitoring cycle","service":"instagram-telegram-bot","timestamp":"2025-09-27T17:17:00.844Z"}
{"level":"info","message":"Checking new posts for saito10765","service":"instagram-telegram-bot","timestamp":"2025-09-27T17:17:00.845Z"}
{"level":"info","message":"Checking new stories for saito10765","service":"instagram-telegram-bot","timestamp":"2025-09-27T17:17:00.846Z"}
{"level":"info","message":"Monitoring cycle completed","service":"instagram-telegram-bot","timestamp":"2025-09-27T17:17:01.613Z"}
{"level":"info","message":"Starting monitoring cycle","service":"instagram-telegram-bot","timestamp":"2025-09-27T17:18:00.186Z"}
{"level":"info","message":"Checking new posts for saito10765","service":"instagram-telegram-bot","timestamp":"2025-09-27T17:18:00.187Z"}
{"level":"info","message":"Checking new stories for saito10765","service":"instagram-telegram-bot","timestamp":"2025-09-27T17:18:00.188Z"}
{"level":"info","message":"Monitoring cycle completed","service":"instagram-telegram-bot","timestamp":"2025-09-27T17:18:00.945Z"}
{"level":"info","message":"Starting monitoring cycle","service":"instagram-telegram-bot","timestamp":"2025-09-27T17:19:00.539Z"}
{"level":"info","message":"Checking new posts for saito10765","service":"instagram-telegram-bot","timestamp":"2025-09-27T17:19:00.540Z"}
{"level":"info","message":"Checking new stories for saito10765","service":"instagram-telegram-bot","timestamp":"2025-09-27T17:19:00.542Z"}
{"level":"info","message":"Monitoring cycle completed","service":"instagram-telegram-bot","timestamp":"2025-09-27T17:19:01.530Z"}
{"level":"info","message":"Starting monitoring cycle","service":"instagram-telegram-bot","timestamp":"2025-09-27T17:20:00.996Z"}
{"level":"info","message":"Checking new posts for saito10765","service":"instagram-telegram-bot","timestamp":"2025-09-27T17:20:00.998Z"}
{"level":"info","message":"Checking new stories for saito10765","service":"instagram-telegram-bot","timestamp":"2025-09-27T17:20:01.002Z"}
{"level":"info","message":"Monitoring cycle completed","service":"instagram-telegram-bot","timestamp":"2025-09-27T17:20:01.785Z"}
{"level":"info","message":"Starting monitoring cycle","service":"instagram-telegram-bot","timestamp":"2025-09-27T17:21:00.522Z"}
{"level":"info","message":"Checking new posts for saito10765","service":"instagram-telegram-bot","timestamp":"2025-09-27T17:21:00.524Z"}
{"level":"info","message":"Checking new stories for saito10765","service":"instagram-telegram-bot","timestamp":"2025-09-27T17:21:00.527Z"}
{"level":"info","message":"Monitoring cycle completed","service":"instagram-telegram-bot","timestamp":"2025-09-27T17:21:01.497Z"}
{"level":"info","message":"Starting monitoring cycle","service":"instagram-telegram-bot","timestamp":"2025-09-27T17:22:00.120Z"}
{"level":"info","message":"Checking new posts for saito10765","service":"instagram-telegram-bot","timestamp":"2025-09-27T17:22:00.121Z"}
{"level":"info","message":"Checking new stories for saito10765","service":"instagram-telegram-bot","timestamp":"2025-09-27T17:22:00.122Z"}
{"level":"info","message":"Monitoring cycle completed","service":"instagram-telegram-bot","timestamp":"2025-09-27T17:22:00.905Z"}
{"level":"info","message":"Starting monitoring cycle","service":"instagram-telegram-bot","timestamp":"2025-09-27T17:23:00.691Z"}
{"level":"info","message":"Checking new posts for saito10765","service":"instagram-telegram-bot","timestamp":"2025-09-27T17:23:00.694Z"}
{"level":"info","message":"Checking new stories for saito10765","service":"instagram-telegram-bot","timestamp":"2025-09-27T17:23:00.698Z"}
{"level":"info","message":"Monitoring cycle completed","service":"instagram-telegram-bot","timestamp":"2025-09-27T17:23:01.467Z"}
{"level":"info","message":"Starting monitoring cycle","service":"instagram-telegram-bot","timestamp":"2025-09-27T17:24:00.283Z"}
{"level":"info","message":"Checking new posts for saito10765","service":"instagram-telegram-bot","timestamp":"2025-09-27T17:24:00.284Z"}
{"level":"info","message":"Checking new stories for saito10765","service":"instagram-telegram-bot","timestamp":"2025-09-27T17:24:00.285Z"}
{"level":"info","message":"Monitoring cycle completed","service":"instagram-telegram-bot","timestamp":"2025-09-27T17:24:01.182Z"}
{"level":"info","message":"Starting monitoring cycle","service":"instagram-telegram-bot","timestamp":"2025-09-27T17:25:00.836Z"}
{"level":"info","message":"Checking new posts for saito10765","service":"instagram-telegram-bot","timestamp":"2025-09-27T17:25:00.837Z"}
{"level":"info","message":"Checking new stories for saito10765","service":"instagram-telegram-bot","timestamp":"2025-09-27T17:25:00.838Z"}
{"level":"info","message":"Monitoring cycle completed","service":"instagram-telegram-bot","timestamp":"2025-09-27T17:25:01.718Z"}
{"level":"info","message":"Starting monitoring cycle","service":"instagram-telegram-bot","timestamp":"2025-09-27T17:26:00.213Z"}
{"level":"info","message":"Checking new posts for saito10765","service":"instagram-telegram-bot","timestamp":"2025-09-27T17:26:00.215Z"}
{"level":"info","message":"Checking new stories for saito10765","service":"instagram-telegram-bot","timestamp":"2025-09-27T17:26:00.216Z"}
{"level":"info","message":"Monitoring cycle completed","service":"instagram-telegram-bot","timestamp":"2025-09-27T17:26:01.030Z"}
{"level":"info","message":"Starting monitoring cycle","service":"instagram-telegram-bot","timestamp":"2025-09-27T17:27:00.555Z"}
{"level":"info","message":"Checking new posts for saito10765","service":"instagram-telegram-bot","timestamp":"2025-09-27T17:27:00.558Z"}
{"level":"info","message":"Checking new stories for saito10765","service":"instagram-telegram-bot","timestamp":"2025-09-27T17:27:00.562Z"}
{"level":"info","message":"Monitoring cycle completed","service":"instagram-telegram-bot","timestamp":"2025-09-27T17:27:01.326Z"}
{"level":"info","message":"Starting monitoring cycle","service":"instagram-telegram-bot","timestamp":"2025-09-27T17:28:00.898Z"}
{"level":"info","message":"Checking new posts for saito10765","service":"instagram-telegram-bot","timestamp":"2025-09-27T17:28:00.899Z"}
{"level":"info","message":"Checking new stories for saito10765","service":"instagram-telegram-bot","timestamp":"2025-09-27T17:28:00.901Z"}
{"level":"info","message":"Monitoring cycle completed","service":"instagram-telegram-bot","timestamp":"2025-09-27T17:28:01.703Z"}
{"level":"info","message":"Starting monitoring cycle","service":"instagram-telegram-bot","timestamp":"2025-09-27T17:29:00.315Z"}
{"level":"info","message":"Checking new posts for saito10765","service":"instagram-telegram-bot","timestamp":"2025-09-27T17:29:00.317Z"}
{"level":"info","message":"Checking new stories for saito10765","service":"instagram-telegram-bot","timestamp":"2025-09-27T17:29:00.318Z"}
{"level":"info","message":"Monitoring cycle completed","service":"instagram-telegram-bot","timestamp":"2025-09-27T17:29:01.124Z"}
{"level":"info","message":"Starting monitoring cycle","service":"instagram-telegram-bot","timestamp":"2025-09-27T17:30:00.781Z"}
{"level":"info","message":"Checking new posts for saito10765","service":"instagram-telegram-bot","timestamp":"2025-09-27T17:30:00.783Z"}
{"level":"info","message":"Checking new stories for saito10765","service":"instagram-telegram-bot","timestamp":"2025-09-27T17:30:00.785Z"}
{"level":"info","message":"Monitoring cycle completed","service":"instagram-telegram-bot","timestamp":"2025-09-27T17:30:01.716Z"}
{"level":"info","message":"Starting monitoring cycle","service":"instagram-telegram-bot","timestamp":"2025-09-27T17:31:00.145Z"}
{"level":"info","message":"Checking new posts for saito10765","service":"instagram-telegram-bot","timestamp":"2025-09-27T17:31:00.145Z"}
{"level":"info","message":"Checking new stories for saito10765","service":"instagram-telegram-bot","timestamp":"2025-09-27T17:31:00.147Z"}
{"level":"info","message":"Monitoring cycle completed","service":"instagram-telegram-bot","timestamp":"2025-09-27T17:31:00.894Z"}
{"level":"info","message":"Starting monitoring cycle","service":"instagram-telegram-bot","timestamp":"2025-09-27T17:32:00.544Z"}
{"level":"info","message":"Checking new posts for saito10765","service":"instagram-telegram-bot","timestamp":"2025-09-27T17:32:00.544Z"}
{"level":"info","message":"Checking new stories for saito10765","service":"instagram-telegram-bot","timestamp":"2025-09-27T17:32:00.545Z"}
{"level":"info","message":"Monitoring cycle completed","service":"instagram-telegram-bot","timestamp":"2025-09-27T17:32:01.309Z"}
{"level":"info","message":"Starting monitoring cycle","service":"instagram-telegram-bot","timestamp":"2025-09-27T17:33:00.972Z"}
{"level":"info","message":"Checking new posts for saito10765","service":"instagram-telegram-bot","timestamp":"2025-09-27T17:33:00.973Z"}
{"level":"info","message":"Checking new stories for saito10765","service":"instagram-telegram-bot","timestamp":"2025-09-27T17:33:00.975Z"}
{"level":"info","message":"Monitoring cycle completed","service":"instagram-telegram-bot","timestamp":"2025-09-27T17:33:01.755Z"}
{"level":"info","message":"Starting monitoring cycle","service":"instagram-telegram-bot","timestamp":"2025-09-27T17:34:00.374Z"}
{"level":"info","message":"Checking new posts for saito10765","service":"instagram-telegram-bot","timestamp":"2025-09-27T17:34:00.374Z"}
{"level":"info","message":"Checking new stories for saito10765","service":"instagram-telegram-bot","timestamp":"2025-09-27T17:34:00.375Z"}
{"level":"info","message":"Monitoring cycle completed","service":"instagram-telegram-bot","timestamp":"2025-09-27T17:34:01.168Z"}
{"level":"info","message":"Starting monitoring cycle","service":"instagram-telegram-bot","timestamp":"2025-09-27T17:35:00.745Z"}
{"level":"info","message":"Checking new posts for saito10765","service":"instagram-telegram-bot","timestamp":"2025-09-27T17:35:00.746Z"}
{"level":"info","message":"Checking new stories for saito10765","service":"instagram-telegram-bot","timestamp":"2025-09-27T17:35:00.748Z"}
{"level":"info","message":"Monitoring cycle completed","service":"instagram-telegram-bot","timestamp":"2025-09-27T17:35:01.521Z"}
{"level":"info","message":"Starting monitoring cycle","service":"instagram-telegram-bot","timestamp":"2025-09-27T17:36:00.154Z"}
{"level":"info","message":"Checking new posts for saito10765","service":"instagram-telegram-bot","timestamp":"2025-09-27T17:36:00.154Z"}
{"level":"info","message":"Checking new stories for saito10765","service":"instagram-telegram-bot","timestamp":"2025-09-27T17:36:00.155Z"}
{"level":"info","message":"Monitoring cycle completed","service":"instagram-telegram-bot","timestamp":"2025-09-27T17:36:01.179Z"}
{"level":"info","message":"Starting monitoring cycle","service":"instagram-telegram-bot","timestamp":"2025-09-27T17:37:00.537Z"}
{"level":"info","message":"Checking new posts for saito10765","service":"instagram-telegram-bot","timestamp":"2025-09-27T17:37:00.559Z"}
{"level":"info","message":"Checking new stories for saito10765","service":"instagram-telegram-bot","timestamp":"2025-09-27T17:37:00.560Z"}
{"level":"info","message":"Monitoring cycle completed","service":"instagram-telegram-bot","timestamp":"2025-09-27T17:37:01.415Z"}
{"level":"info","message":"Starting monitoring cycle","service":"instagram-telegram-bot","timestamp":"2025-09-27T17:38:00.968Z"}
{"level":"info","message":"Checking new posts for saito10765","service":"instagram-telegram-bot","timestamp":"2025-09-27T17:38:00.970Z"}
{"level":"info","message":"Checking new stories for saito10765","service":"instagram-telegram-bot","timestamp":"2025-09-27T17:38:00.972Z"}
{"level":"info","message":"Monitoring cycle completed","service":"instagram-telegram-bot","timestamp":"2025-09-27T17:38:01.717Z"}
{"level":"info","message":"Starting monitoring cycle","service":"instagram-telegram-bot","timestamp":"2025-09-27T17:39:00.364Z"}
{"level":"info","message":"Checking new posts for saito10765","service":"instagram-telegram-bot","timestamp":"2025-09-27T17:39:00.364Z"}
{"level":"info","message":"Checking new stories for saito10765","service":"instagram-telegram-bot","timestamp":"2025-09-27T17:39:00.365Z"}
{"level":"info","message":"Monitoring cycle completed","service":"instagram-telegram-bot","timestamp":"2025-09-27T17:39:01.864Z"}
{"level":"info","message":"Starting monitoring cycle","service":"instagram-telegram-bot","timestamp":"2025-09-27T17:40:00.860Z"}
{"level":"info","message":"Checking new posts for saito10765","service":"instagram-telegram-bot","timestamp":"2025-09-27T17:40:00.861Z"}
{"level":"info","message":"Checking new stories for saito10765","service":"instagram-telegram-bot","timestamp":"2025-09-27T17:40:00.862Z"}
{"level":"info","message":"Monitoring cycle completed","service":"instagram-telegram-bot","timestamp":"2025-09-27T17:40:01.673Z"}
{"level":"info","message":"Starting monitoring cycle","service":"instagram-telegram-bot","timestamp":"2025-09-27T17:41:00.190Z"}
{"level":"info","message":"Checking new posts for saito10765","service":"instagram-telegram-bot","timestamp":"2025-09-27T17:41:00.193Z"}
{"level":"info","message":"Checking new stories for saito10765","service":"instagram-telegram-bot","timestamp":"2025-09-27T17:41:00.196Z"}
{"level":"info","message":"Monitoring cycle completed","service":"instagram-telegram-bot","timestamp":"2025-09-27T17:41:00.998Z"}
{"level":"info","message":"Starting monitoring cycle","service":"instagram-telegram-bot","timestamp":"2025-09-27T17:42:00.588Z"}
{"level":"info","message":"Checking new posts for saito10765","service":"instagram-telegram-bot","timestamp":"2025-09-27T17:42:00.589Z"}
{"level":"info","message":"Checking new stories for saito10765","service":"instagram-telegram-bot","timestamp":"2025-09-27T17:42:00.590Z"}
{"level":"info","message":"Monitoring cycle completed","service":"instagram-telegram-bot","timestamp":"2025-09-27T17:42:01.411Z"}
{"level":"info","message":"Starting monitoring cycle","service":"instagram-telegram-bot","timestamp":"2025-09-27T17:43:00.034Z"}
{"level":"info","message":"Checking new posts for saito10765","service":"instagram-telegram-bot","timestamp":"2025-09-27T17:43:00.036Z"}
{"level":"info","message":"Checking new stories for saito10765","service":"instagram-telegram-bot","timestamp":"2025-09-27T17:43:00.037Z"}
{"level":"info","message":"Monitoring cycle completed","service":"instagram-telegram-bot","timestamp":"2025-09-27T17:43:00.797Z"}
{"level":"info","message":"Starting monitoring cycle","service":"instagram-telegram-bot","timestamp":"2025-09-27T17:44:00.418Z"}
{"level":"info","message":"Checking new posts for saito10765","service":"instagram-telegram-bot","timestamp":"2025-09-27T17:44:00.419Z"}
{"level":"info","message":"Checking new stories for saito10765","service":"instagram-telegram-bot","timestamp":"2025-09-27T17:44:00.420Z"}
{"level":"info","message":"Monitoring cycle completed","service":"instagram-telegram-bot","timestamp":"2025-09-27T17:44:01.231Z"}
{"level":"info","message":"Starting monitoring cycle","service":"instagram-telegram-bot","timestamp":"2025-09-27T17:45:00.810Z"}
{"level":"info","message":"Checking new posts for saito10765","service":"instagram-telegram-bot","timestamp":"2025-09-27T17:45:00.812Z"}
{"level":"info","message":"Checking new stories for saito10765","service":"instagram-telegram-bot","timestamp":"2025-09-27T17:45:00.815Z"}
{"level":"info","message":"Monitoring cycle completed","service":"instagram-telegram-bot","timestamp":"2025-09-27T17:45:01.546Z"}
{"level":"info","message":"Starting monitoring cycle","service":"instagram-telegram-bot","timestamp":"2025-09-27T17:46:00.133Z"}
{"level":"info","message":"Checking new posts for saito10765","service":"instagram-telegram-bot","timestamp":"2025-09-27T17:46:00.133Z"}
{"level":"info","message":"Checking new stories for saito10765","service":"instagram-telegram-bot","timestamp":"2025-09-27T17:46:00.135Z"}
{"level":"info","message":"Monitoring cycle completed","service":"instagram-telegram-bot","timestamp":"2025-09-27T17:46:01.066Z"}
{"level":"info","message":"Starting monitoring cycle","service":"instagram-telegram-bot","timestamp":"2025-09-27T17:47:00.573Z"}
{"level":"info","message":"Checking new posts for saito10765","service":"instagram-telegram-bot","timestamp":"2025-09-27T17:47:00.574Z"}
{"level":"info","message":"Checking new stories for saito10765","service":"instagram-telegram-bot","timestamp":"2025-09-27T17:47:00.577Z"}
{"level":"info","message":"Monitoring cycle completed","service":"instagram-telegram-bot","timestamp":"2025-09-27T17:47:01.389Z"}
{"level":"info","message":"Starting monitoring cycle","service":"instagram-telegram-bot","timestamp":"2025-09-27T17:48:00.043Z"}
{"level":"info","message":"Checking new posts for saito10765","service":"instagram-telegram-bot","timestamp":"2025-09-27T17:48:00.044Z"}
{"level":"info","message":"Checking new stories for saito10765","service":"instagram-telegram-bot","timestamp":"2025-09-27T17:48:00.046Z"}
{"level":"info","message":"Monitoring cycle completed","service":"instagram-telegram-bot","timestamp":"2025-09-27T17:48:00.797Z"}
{"level":"info","message":"Starting monitoring cycle","service":"instagram-telegram-bot","timestamp":"2025-09-27T17:49:00.481Z"}
{"level":"info","message":"Checking new posts for saito10765","service":"instagram-telegram-bot","timestamp":"2025-09-27T17:49:00.482Z"}
{"level":"info","message":"Checking new stories for saito10765","service":"instagram-telegram-bot","timestamp":"2025-09-27T17:49:00.484Z"}
{"level":"info","message":"Monitoring cycle completed","service":"instagram-telegram-bot","timestamp":"2025-09-27T17:49:01.332Z"}
{"level":"info","message":"Starting monitoring cycle","service":"instagram-telegram-bot","timestamp":"2025-09-27T17:50:00.959Z"}
{"level":"info","message":"Checking new posts for saito10765","service":"instagram-telegram-bot","timestamp":"2025-09-27T17:50:00.962Z"}
{"level":"info","message":"Checking new stories for saito10765","service":"instagram-telegram-bot","timestamp":"2025-09-27T17:50:00.965Z"}
{"level":"info","message":"Monitoring cycle completed","service":"instagram-telegram-bot","timestamp":"2025-09-27T17:50:01.764Z"}
{"level":"info","message":"Starting monitoring cycle","service":"instagram-telegram-bot","timestamp":"2025-09-27T17:51:00.418Z"}
{"level":"info","message":"Checking new posts for saito10765","service":"instagram-telegram-bot","timestamp":"2025-09-27T17:51:00.419Z"}
{"level":"info","message":"Checking new stories for saito10765","service":"instagram-telegram-bot","timestamp":"2025-09-27T17:51:00.420Z"}
{"level":"info","message":"Monitoring cycle completed","service":"instagram-telegram-bot","timestamp":"2025-09-27T17:51:01.346Z"}
{"level":"info","message":"Received SIGINT, shutting down gracefully...","service":"instagram-telegram-bot","timestamp":"2025-09-27T17:51:51.806Z"}
